<?xml version="1.0" encoding="UTF-8"?>
<testsuite name="com.project.springboot.web.IndexControllerTest" tests="1" skipped="0" failures="0" errors="0" timestamp="2020-05-18T07:20:28" hostname="DESKTOP-1AQEFFH" time="0.214">
  <properties/>
  <testcase name="indexTest" classname="com.project.springboot.web.IndexControllerTest" time="0.214"/>
  <system-out><![CDATA[2020-05-18 16:20:26.143  INFO 7072 --- [    Test worker] .b.t.c.SpringBootTestContextBootstrapper : Neither @ContextConfiguration nor @ContextHierarchy found for test class [com.project.springboot.web.IndexControllerTest], using SpringBootContextLoader
2020-05-18 16:20:26.144  INFO 7072 --- [    Test worker] o.s.t.c.support.AbstractContextLoader    : Could not detect default resource locations for test class [com.project.springboot.web.IndexControllerTest]: no resource found for suffixes {-context.xml, Context.groovy}.
2020-05-18 16:20:26.144  INFO 7072 --- [    Test worker] t.c.s.AnnotationConfigContextLoaderUtils : Could not detect default configuration classes for test class [com.project.springboot.web.IndexControllerTest]: IndexControllerTest does not declare any static, non-private, non-final, nested classes annotated with @Configuration.
2020-05-18 16:20:26.148  INFO 7072 --- [    Test worker] .b.t.c.SpringBootTestContextBootstrapper : Found @SpringBootConfiguration com.project.springboot.Application for test class com.project.springboot.web.IndexControllerTest
2020-05-18 16:20:26.150  INFO 7072 --- [    Test worker] .b.t.c.SpringBootTestContextBootstrapper : Loaded default TestExecutionListener class names from location [META-INF/spring.factories]: [org.springframework.security.test.context.support.WithSecurityContextTestExecutionListener, org.springframework.security.test.context.support.ReactorContextTestExecutionListener, org.springframework.boot.test.autoconfigure.restdocs.RestDocsTestExecutionListener, org.springframework.boot.test.autoconfigure.web.client.MockRestServiceServerResetTestExecutionListener, org.springframework.boot.test.autoconfigure.web.servlet.MockMvcPrintOnlyOnFailureTestExecutionListener, org.springframework.boot.test.autoconfigure.web.servlet.WebDriverTestExecutionListener, org.springframework.boot.test.mock.mockito.MockitoTestExecutionListener, org.springframework.boot.test.mock.mockito.ResetMocksTestExecutionListener, org.springframework.test.context.web.ServletTestExecutionListener, org.springframework.test.context.support.DirtiesContextBeforeModesTestExecutionListener, org.springframework.test.context.support.DependencyInjectionTestExecutionListener, org.springframework.test.context.support.DirtiesContextTestExecutionListener, org.springframework.test.context.transaction.TransactionalTestExecutionListener, org.springframework.test.context.jdbc.SqlScriptsTestExecutionListener]
2020-05-18 16:20:26.151  INFO 7072 --- [    Test worker] .b.t.c.SpringBootTestContextBootstrapper : Using TestExecutionListeners: [org.springframework.test.context.web.ServletTestExecutionListener@50baf02, org.springframework.test.context.support.DirtiesContextBeforeModesTestExecutionListener@7f757382, org.springframework.boot.test.mock.mockito.MockitoTestExecutionListener@715bb3f0, org.springframework.boot.test.autoconfigure.SpringBootDependencyInjectionTestExecutionListener@16e92125, org.springframework.test.context.support.DirtiesContextTestExecutionListener@4e42ff45, org.springframework.test.context.transaction.TransactionalTestExecutionListener@1a7f7c6c, org.springframework.test.context.jdbc.SqlScriptsTestExecutionListener@369798e0, org.springframework.security.test.context.support.WithSecurityContextTestExecutionListener@69a8671e, org.springframework.security.test.context.support.ReactorContextTestExecutionListener@304905b9, org.springframework.boot.test.autoconfigure.restdocs.RestDocsTestExecutionListener@51b483c0, org.springframework.boot.test.autoconfigure.web.client.MockRestServiceServerResetTestExecutionListener@5bee418e, org.springframework.boot.test.autoconfigure.web.servlet.MockMvcPrintOnlyOnFailureTestExecutionListener@71544d7a, org.springframework.boot.test.autoconfigure.web.servlet.WebDriverTestExecutionListener@948ea24, org.springframework.boot.test.mock.mockito.ResetMocksTestExecutionListener@7c17c24e]

  .   ____          _            __ _ _
 /\\ / ___'_ __ _ _(_)_ __  __ _ \ \ \ \
( ( )\___ | '_ | '_| | '_ \/ _` | \ \ \ \
 \\/  ___)| |_)| | | | | || (_| |  ) ) ) )
  '  |____| .__|_| |_|_| |_\__, | / / / /
 =========|_|==============|___/=/_/_/_/
 :: Spring Boot ::        (v2.1.7.RELEASE)

2020-05-18 16:20:26.209  INFO 7072 --- [    Test worker] c.p.springboot.web.IndexControllerTest   : Starting IndexControllerTest on DESKTOP-1AQEFFH with PID 7072 (started by admin in C:\Users\admin\IdeaProjects\springboot)
2020-05-18 16:20:26.209  INFO 7072 --- [    Test worker] c.p.springboot.web.IndexControllerTest   : The following profiles are active: oauth
2020-05-18 16:20:26.504  INFO 7072 --- [    Test worker] .s.d.r.c.RepositoryConfigurationDelegate : Bootstrapping Spring Data repositories in DEFAULT mode.
2020-05-18 16:20:26.536  INFO 7072 --- [    Test worker] .s.d.r.c.RepositoryConfigurationDelegate : Finished Spring Data repository scanning in 32ms. Found 2 repository interfaces.
2020-05-18 16:20:26.668  INFO 7072 --- [    Test worker] trationDelegate$BeanPostProcessorChecker : Bean 'org.springframework.transaction.annotation.ProxyTransactionManagementConfiguration' of type [org.springframework.transaction.annotation.ProxyTransactionManagementConfiguration$$EnhancerBySpringCGLIB$$df1072f2] is not eligible for getting processed by all BeanPostProcessors (for example: not eligible for auto-proxying)
2020-05-18 16:20:26.995  INFO 7072 --- [    Test worker] o.s.b.w.embedded.tomcat.TomcatWebServer  : Tomcat initialized with port(s): 0 (http)
2020-05-18 16:20:27.033  INFO 7072 --- [    Test worker] o.apache.catalina.core.StandardService   : Starting service [Tomcat]
2020-05-18 16:20:27.034  INFO 7072 --- [    Test worker] org.apache.catalina.core.StandardEngine  : Starting Servlet engine: [Apache Tomcat/9.0.22]
2020-05-18 16:20:27.227  INFO 7072 --- [    Test worker] o.a.c.c.C.[Tomcat].[localhost].[/]       : Initializing Spring embedded WebApplicationContext
2020-05-18 16:20:27.227  INFO 7072 --- [    Test worker] o.s.web.context.ContextLoader            : Root WebApplicationContext: initialization completed in 1015 ms
2020-05-18 16:20:27.432  INFO 7072 --- [    Test worker] com.zaxxer.hikari.HikariDataSource       : HikariPool-2 - Starting...
2020-05-18 16:20:27.433  INFO 7072 --- [    Test worker] com.zaxxer.hikari.HikariDataSource       : HikariPool-2 - Start completed.
2020-05-18 16:20:27.474  INFO 7072 --- [    Test worker] o.hibernate.jpa.internal.util.LogHelper  : HHH000204: Processing PersistenceUnitInfo [
	name: default
	...]
2020-05-18 16:20:27.487  INFO 7072 --- [    Test worker] org.hibernate.dialect.Dialect            : HHH000400: Using dialect: org.hibernate.dialect.MySQL5InnoDBDialect
Hibernate: drop table if exists posts
Hibernate: drop table if exists user
Hibernate: create table posts (id bigint not null auto_increment, created_date datetime, modified_date datetime, author varchar(255), content TEXT not null, title varchar(500) not null, primary key (id)) engine=InnoDB
Hibernate: create table user (id bigint not null auto_increment, email varchar(255) not null, name varchar(255) not null, picture varchar(255), role varchar(255), primary key (id)) engine=InnoDB
2020-05-18 16:20:27.556  INFO 7072 --- [    Test worker] o.h.t.schema.internal.SchemaCreatorImpl  : HHH000476: Executing import script 'org.hibernate.tool.schema.internal.exec.ScriptSourceInputNonExistentImpl@31113f6b'
2020-05-18 16:20:27.556  INFO 7072 --- [    Test worker] j.LocalContainerEntityManagerFactoryBean : Initialized JPA EntityManagerFactory for persistence unit 'default'
2020-05-18 16:20:27.941  INFO 7072 --- [    Test worker] o.h.h.i.QueryTranslatorFactoryInitiator  : HHH000397: Using ASTQueryTranslatorFactory
2020-05-18 16:20:28.120  INFO 7072 --- [    Test worker] o.s.s.web.DefaultSecurityFilterChain     : Creating filter chain: any request, [org.springframework.security.web.context.request.async.WebAsyncManagerIntegrationFilter@68617758, org.springframework.security.web.context.SecurityContextPersistenceFilter@5afe6ea9, org.springframework.security.web.header.HeaderWriterFilter@702448, org.springframework.security.web.authentication.logout.LogoutFilter@7267691, org.springframework.security.oauth2.client.web.OAuth2AuthorizationRequestRedirectFilter@3bec0c6b, org.springframework.security.oauth2.client.web.OAuth2LoginAuthenticationFilter@5e29ebeb, org.springframework.security.web.authentication.ui.DefaultLoginPageGeneratingFilter@2e84dece, org.springframework.security.web.authentication.ui.DefaultLogoutPageGeneratingFilter@72c5667f, org.springframework.security.web.savedrequest.RequestCacheAwareFilter@5c116c00, org.springframework.security.web.servletapi.SecurityContextHolderAwareRequestFilter@5dc251ae, org.springframework.security.web.authentication.AnonymousAuthenticationFilter@2991a318, org.springframework.security.web.session.SessionManagementFilter@24fae9f9, org.springframework.security.web.access.ExceptionTranslationFilter@6c6d4086, org.springframework.security.web.access.intercept.FilterSecurityInterceptor@696e6a09]
2020-05-18 16:20:28.356  INFO 7072 --- [    Test worker] o.s.s.concurrent.ThreadPoolTaskExecutor  : Initializing ExecutorService 'applicationTaskExecutor'
2020-05-18 16:20:28.371  WARN 7072 --- [    Test worker] aWebConfiguration$JpaWebMvcConfiguration : spring.jpa.open-in-view is enabled by default. Therefore, database queries may be performed during view rendering. Explicitly configure spring.jpa.open-in-view to disable this warning
2020-05-18 16:20:28.403  INFO 7072 --- [    Test worker] o.s.b.a.w.s.WelcomePageHandlerMapping    : Adding welcome page template: index
2020-05-18 16:20:28.742  INFO 7072 --- [    Test worker] s.a.ScheduledAnnotationBeanPostProcessor : No TaskScheduler/ScheduledExecutorService bean found for scheduled processing
2020-05-18 16:20:28.769  INFO 7072 --- [    Test worker] o.s.b.w.embedded.tomcat.TomcatWebServer  : Tomcat started on port(s): 57775 (http) with context path ''
2020-05-18 16:20:28.770  INFO 7072 --- [    Test worker] c.p.springboot.web.IndexControllerTest   : Started IndexControllerTest in 2.616 seconds (JVM running for 12.852)
2020-05-18 16:20:28.871  INFO 7072 --- [o-auto-1-exec-1] o.a.c.c.C.[Tomcat].[localhost].[/]       : Initializing Spring DispatcherServlet 'dispatcherServlet'
2020-05-18 16:20:28.872  INFO 7072 --- [o-auto-1-exec-1] o.s.web.servlet.DispatcherServlet        : Initializing Servlet 'dispatcherServlet'
2020-05-18 16:20:28.897  INFO 7072 --- [o-auto-1-exec-1] o.s.web.servlet.DispatcherServlet        : Completed initialization in 25 ms
Hibernate: select posts0_.id as id1_0_, posts0_.created_date as created_2_0_, posts0_.modified_date as modified3_0_, posts0_.author as author4_0_, posts0_.content as content5_0_, posts0_.title as title6_0_ from posts posts0_ order by posts0_.id DESC
]]></system-out>
  <system-err><![CDATA[]]></system-err>
</testsuite>
