<?xml version="1.0" encoding="UTF-8"?>
<testsuite name="com.project.springboot.web.HelloControllerTest" tests="2" skipped="0" failures="0" errors="0" timestamp="2020-05-18T07:20:25" hostname="DESKTOP-1AQEFFH" time="0.198">
  <properties/>
  <testcase name="helloTest" classname="com.project.springboot.web.HelloControllerTest" time="0.08"/>
  <testcase name="helloDtoTest" classname="com.project.springboot.web.HelloControllerTest" time="0.117"/>
  <system-out><![CDATA[2020-05-18 16:20:24.735  INFO 7072 --- [    Test worker] .b.t.a.w.s.WebMvcTestContextBootstrapper : Neither @ContextConfiguration nor @ContextHierarchy found for test class [com.project.springboot.web.HelloControllerTest], using SpringBootContextLoader
2020-05-18 16:20:24.738  INFO 7072 --- [    Test worker] o.s.t.c.support.AbstractContextLoader    : Could not detect default resource locations for test class [com.project.springboot.web.HelloControllerTest]: no resource found for suffixes {-context.xml, Context.groovy}.
2020-05-18 16:20:24.738  INFO 7072 --- [    Test worker] t.c.s.AnnotationConfigContextLoaderUtils : Could not detect default configuration classes for test class [com.project.springboot.web.HelloControllerTest]: HelloControllerTest does not declare any static, non-private, non-final, nested classes annotated with @Configuration.
2020-05-18 16:20:24.773  INFO 7072 --- [    Test worker] .b.t.c.SpringBootTestContextBootstrapper : Found @SpringBootConfiguration com.project.springboot.Application for test class com.project.springboot.web.HelloControllerTest
2020-05-18 16:20:24.773  INFO 7072 --- [    Test worker] .b.t.a.w.s.WebMvcTestContextBootstrapper : Loaded default TestExecutionListener class names from location [META-INF/spring.factories]: [org.springframework.security.test.context.support.WithSecurityContextTestExecutionListener, org.springframework.security.test.context.support.ReactorContextTestExecutionListener, org.springframework.boot.test.autoconfigure.restdocs.RestDocsTestExecutionListener, org.springframework.boot.test.autoconfigure.web.client.MockRestServiceServerResetTestExecutionListener, org.springframework.boot.test.autoconfigure.web.servlet.MockMvcPrintOnlyOnFailureTestExecutionListener, org.springframework.boot.test.autoconfigure.web.servlet.WebDriverTestExecutionListener, org.springframework.boot.test.mock.mockito.MockitoTestExecutionListener, org.springframework.boot.test.mock.mockito.ResetMocksTestExecutionListener, org.springframework.test.context.web.ServletTestExecutionListener, org.springframework.test.context.support.DirtiesContextBeforeModesTestExecutionListener, org.springframework.test.context.support.DependencyInjectionTestExecutionListener, org.springframework.test.context.support.DirtiesContextTestExecutionListener, org.springframework.test.context.transaction.TransactionalTestExecutionListener, org.springframework.test.context.jdbc.SqlScriptsTestExecutionListener]
2020-05-18 16:20:24.775  INFO 7072 --- [    Test worker] .b.t.a.w.s.WebMvcTestContextBootstrapper : Using TestExecutionListeners: [org.springframework.test.context.web.ServletTestExecutionListener@434178b8, org.springframework.test.context.support.DirtiesContextBeforeModesTestExecutionListener@67dfbf23, org.springframework.boot.test.mock.mockito.MockitoTestExecutionListener@6a3a493c, org.springframework.boot.test.autoconfigure.SpringBootDependencyInjectionTestExecutionListener@341114e9, org.springframework.test.context.support.DirtiesContextTestExecutionListener@7cdd3e6b, org.springframework.test.context.transaction.TransactionalTestExecutionListener@66e1a074, org.springframework.test.context.jdbc.SqlScriptsTestExecutionListener@5eaa663d, org.springframework.security.test.context.support.WithSecurityContextTestExecutionListener@6220975d, org.springframework.security.test.context.support.ReactorContextTestExecutionListener@771bc314, org.springframework.boot.test.autoconfigure.restdocs.RestDocsTestExecutionListener@1c123f83, org.springframework.boot.test.autoconfigure.web.client.MockRestServiceServerResetTestExecutionListener@110429b2, org.springframework.boot.test.autoconfigure.web.servlet.MockMvcPrintOnlyOnFailureTestExecutionListener@7778deb0, org.springframework.boot.test.autoconfigure.web.servlet.WebDriverTestExecutionListener@5e52b028, org.springframework.boot.test.mock.mockito.ResetMocksTestExecutionListener@53317246]

  .   ____          _            __ _ _
 /\\ / ___'_ __ _ _(_)_ __  __ _ \ \ \ \
( ( )\___ | '_ | '_| | '_ \/ _` | \ \ \ \
 \\/  ___)| |_)| | | | | || (_| |  ) ) ) )
  '  |____| .__|_| |_|_| |_\__, | / / / /
 =========|_|==============|___/=/_/_/_/
 :: Spring Boot ::        (v2.1.7.RELEASE)

2020-05-18 16:20:24.845  INFO 7072 --- [    Test worker] c.p.springboot.web.HelloControllerTest   : Starting HelloControllerTest on DESKTOP-1AQEFFH with PID 7072 (started by admin in C:\Users\admin\IdeaProjects\springboot)
2020-05-18 16:20:24.846  INFO 7072 --- [    Test worker] c.p.springboot.web.HelloControllerTest   : The following profiles are active: oauth
2020-05-18 16:20:25.378  INFO 7072 --- [    Test worker] o.s.s.concurrent.ThreadPoolTaskExecutor  : Initializing ExecutorService 'applicationTaskExecutor'
2020-05-18 16:20:25.420  INFO 7072 --- [    Test worker] o.s.b.a.w.s.WelcomePageHandlerMapping    : Adding welcome page template: index
2020-05-18 16:20:25.673  INFO 7072 --- [    Test worker] .s.s.UserDetailsServiceAutoConfiguration : 

Using generated security password: 44379465-ea58-4cf2-ab8d-54325f799a08

2020-05-18 16:20:25.835  INFO 7072 --- [    Test worker] o.s.s.web.DefaultSecurityFilterChain     : Creating filter chain: any request, [org.springframework.security.web.context.request.async.WebAsyncManagerIntegrationFilter@a9587f0, org.springframework.security.web.context.SecurityContextPersistenceFilter@750a2fa2, org.springframework.security.web.header.HeaderWriterFilter@5652d0e8, org.springframework.security.web.csrf.CsrfFilter@3a8103d4, org.springframework.security.web.authentication.logout.LogoutFilter@134cb755, org.springframework.security.web.authentication.UsernamePasswordAuthenticationFilter@4e8e3120, org.springframework.security.web.authentication.ui.DefaultLoginPageGeneratingFilter@5dcdcf1b, org.springframework.security.web.authentication.ui.DefaultLogoutPageGeneratingFilter@3ddca70, org.springframework.security.web.authentication.www.BasicAuthenticationFilter@6d535903, org.springframework.security.web.savedrequest.RequestCacheAwareFilter@68e117a, org.springframework.security.web.servletapi.SecurityContextHolderAwareRequestFilter@469b54d3, org.springframework.security.web.authentication.AnonymousAuthenticationFilter@74310049, org.springframework.security.web.session.SessionManagementFilter@64ffe655, org.springframework.security.web.access.ExceptionTranslationFilter@24e272e, org.springframework.security.web.access.intercept.FilterSecurityInterceptor@3e8d5246]
2020-05-18 16:20:25.883  INFO 7072 --- [    Test worker] o.s.b.t.m.w.SpringBootMockServletContext : Initializing Spring TestDispatcherServlet ''
2020-05-18 16:20:25.883  INFO 7072 --- [    Test worker] o.s.t.web.servlet.TestDispatcherServlet  : Initializing Servlet ''
2020-05-18 16:20:25.900  INFO 7072 --- [    Test worker] o.s.t.web.servlet.TestDispatcherServlet  : Completed initialization in 17 ms
2020-05-18 16:20:25.937  INFO 7072 --- [    Test worker] c.p.springboot.web.HelloControllerTest   : Started HelloControllerTest in 1.158 seconds (JVM running for 10.019)
]]></system-out>
  <system-err><![CDATA[]]></system-err>
</testsuite>
