<?xml version="1.0" encoding="UTF-8"?>
<testsuite name="com.project.springboot.web.HelloControllerTest" tests="2" skipped="0" failures="0" errors="0" timestamp="2020-05-15T05:49:00" hostname="DESKTOP-1AQEFFH" time="0.395">
  <properties/>
  <testcase name="helloTest" classname="com.project.springboot.web.HelloControllerTest" time="0.287"/>
  <testcase name="helloDtoTest" classname="com.project.springboot.web.HelloControllerTest" time="0.106"/>
  <system-out><![CDATA[14:48:56.855 [Test worker] DEBUG org.springframework.test.context.junit4.SpringJUnit4ClassRunner - SpringJUnit4ClassRunner constructor called with [class com.project.springboot.web.HelloControllerTest]
14:48:56.863 [Test worker] DEBUG org.springframework.test.context.BootstrapUtils - Instantiating CacheAwareContextLoaderDelegate from class [org.springframework.test.context.cache.DefaultCacheAwareContextLoaderDelegate]
14:48:56.879 [Test worker] DEBUG org.springframework.test.context.BootstrapUtils - Instantiating BootstrapContext using constructor [public org.springframework.test.context.support.DefaultBootstrapContext(java.lang.Class,org.springframework.test.context.CacheAwareContextLoaderDelegate)]
14:48:56.906 [Test worker] DEBUG org.springframework.test.context.BootstrapUtils - Instantiating TestContextBootstrapper for test class [com.project.springboot.web.HelloControllerTest] from class [org.springframework.boot.test.autoconfigure.web.servlet.WebMvcTestContextBootstrapper]
14:48:56.929 [Test worker] INFO org.springframework.boot.test.autoconfigure.web.servlet.WebMvcTestContextBootstrapper - Neither @ContextConfiguration nor @ContextHierarchy found for test class [com.project.springboot.web.HelloControllerTest], using SpringBootContextLoader
14:48:56.933 [Test worker] DEBUG org.springframework.test.context.support.AbstractContextLoader - Did not detect default resource location for test class [com.project.springboot.web.HelloControllerTest]: class path resource [com/project/springboot/web/HelloControllerTest-context.xml] does not exist
14:48:56.933 [Test worker] DEBUG org.springframework.test.context.support.AbstractContextLoader - Did not detect default resource location for test class [com.project.springboot.web.HelloControllerTest]: class path resource [com/project/springboot/web/HelloControllerTestContext.groovy] does not exist
14:48:56.934 [Test worker] INFO org.springframework.test.context.support.AbstractContextLoader - Could not detect default resource locations for test class [com.project.springboot.web.HelloControllerTest]: no resource found for suffixes {-context.xml, Context.groovy}.
14:48:56.934 [Test worker] INFO org.springframework.test.context.support.AnnotationConfigContextLoaderUtils - Could not detect default configuration classes for test class [com.project.springboot.web.HelloControllerTest]: HelloControllerTest does not declare any static, non-private, non-final, nested classes annotated with @Configuration.
14:48:57.016 [Test worker] DEBUG org.springframework.test.context.support.ActiveProfilesUtils - Could not find an 'annotation declaring class' for annotation type [org.springframework.test.context.ActiveProfiles] and class [com.project.springboot.web.HelloControllerTest]
14:48:57.098 [Test worker] DEBUG org.springframework.context.annotation.ClassPathScanningCandidateComponentProvider - Identified candidate component class: file [C:\Users\admin\IdeaProjects\springboot\build\classes\java\main\com\project\springboot\Application.class]
14:48:57.099 [Test worker] INFO org.springframework.boot.test.context.SpringBootTestContextBootstrapper - Found @SpringBootConfiguration com.project.springboot.Application for test class com.project.springboot.web.HelloControllerTest
14:48:57.102 [Test worker] DEBUG org.springframework.boot.test.autoconfigure.web.servlet.WebMvcTestContextBootstrapper - @TestExecutionListeners is not present for class [com.project.springboot.web.HelloControllerTest]: using defaults.
14:48:57.102 [Test worker] INFO org.springframework.boot.test.autoconfigure.web.servlet.WebMvcTestContextBootstrapper - Loaded default TestExecutionListener class names from location [META-INF/spring.factories]: [org.springframework.security.test.context.support.WithSecurityContextTestExecutionListener, org.springframework.security.test.context.support.ReactorContextTestExecutionListener, org.springframework.boot.test.autoconfigure.restdocs.RestDocsTestExecutionListener, org.springframework.boot.test.autoconfigure.web.client.MockRestServiceServerResetTestExecutionListener, org.springframework.boot.test.autoconfigure.web.servlet.MockMvcPrintOnlyOnFailureTestExecutionListener, org.springframework.boot.test.autoconfigure.web.servlet.WebDriverTestExecutionListener, org.springframework.boot.test.mock.mockito.MockitoTestExecutionListener, org.springframework.boot.test.mock.mockito.ResetMocksTestExecutionListener, org.springframework.test.context.web.ServletTestExecutionListener, org.springframework.test.context.support.DirtiesContextBeforeModesTestExecutionListener, org.springframework.test.context.support.DependencyInjectionTestExecutionListener, org.springframework.test.context.support.DirtiesContextTestExecutionListener, org.springframework.test.context.transaction.TransactionalTestExecutionListener, org.springframework.test.context.jdbc.SqlScriptsTestExecutionListener]
14:48:57.127 [Test worker] INFO org.springframework.boot.test.autoconfigure.web.servlet.WebMvcTestContextBootstrapper - Using TestExecutionListeners: [org.springframework.test.context.web.ServletTestExecutionListener@53b4865d, org.springframework.test.context.support.DirtiesContextBeforeModesTestExecutionListener@2f9508a6, org.springframework.boot.test.mock.mockito.MockitoTestExecutionListener@3d15159a, org.springframework.boot.test.autoconfigure.SpringBootDependencyInjectionTestExecutionListener@2100dc8, org.springframework.test.context.support.DirtiesContextTestExecutionListener@7561e5b9, org.springframework.test.context.transaction.TransactionalTestExecutionListener@7236138b, org.springframework.test.context.jdbc.SqlScriptsTestExecutionListener@679a6192, org.springframework.security.test.context.support.WithSecurityContextTestExecutionListener@65665ee4, org.springframework.security.test.context.support.ReactorContextTestExecutionListener@1fd023dc, org.springframework.boot.test.autoconfigure.restdocs.RestDocsTestExecutionListener@5db8c1e6, org.springframework.boot.test.autoconfigure.web.client.MockRestServiceServerResetTestExecutionListener@699abd32, org.springframework.boot.test.autoconfigure.web.servlet.MockMvcPrintOnlyOnFailureTestExecutionListener@3edc5f9b, org.springframework.boot.test.autoconfigure.web.servlet.WebDriverTestExecutionListener@208c455f, org.springframework.boot.test.mock.mockito.ResetMocksTestExecutionListener@3b200759]
14:48:57.133 [Test worker] DEBUG org.springframework.test.annotation.ProfileValueUtils - Retrieved @ProfileValueSourceConfiguration [null] for test class [com.project.springboot.web.HelloControllerTest]
14:48:57.134 [Test worker] DEBUG org.springframework.test.annotation.ProfileValueUtils - Retrieved ProfileValueSource type [class org.springframework.test.annotation.SystemProfileValueSource] for class [com.project.springboot.web.HelloControllerTest]
14:48:57.135 [Test worker] DEBUG org.springframework.test.annotation.ProfileValueUtils - Retrieved @ProfileValueSourceConfiguration [null] for test class [com.project.springboot.web.HelloControllerTest]
14:48:57.135 [Test worker] DEBUG org.springframework.test.annotation.ProfileValueUtils - Retrieved ProfileValueSource type [class org.springframework.test.annotation.SystemProfileValueSource] for class [com.project.springboot.web.HelloControllerTest]
14:48:57.141 [Test worker] DEBUG org.springframework.test.context.support.AbstractDirtiesContextTestExecutionListener - Before test class: context [DefaultTestContext@303f51b8 testClass = HelloControllerTest, testInstance = [null], testMethod = [null], testException = [null], mergedContextConfiguration = [WebMergedContextConfiguration@59b98572 testClass = HelloControllerTest, locations = '{}', classes = '{class com.project.springboot.Application}', contextInitializerClasses = '[]', activeProfiles = '{}', propertySourceLocations = '{}', propertySourceProperties = '{org.springframework.boot.test.autoconfigure.web.servlet.WebMvcTestContextBootstrapper=true}', contextCustomizers = set[org.springframework.boot.test.autoconfigure.OverrideAutoConfigurationContextCustomizerFactory$DisableAutoConfigurationContextCustomizer@1b0eedf0, org.springframework.boot.test.autoconfigure.filter.TypeExcludeFiltersContextCustomizer@e354c67b, org.springframework.boot.test.autoconfigure.properties.PropertyMappingContextCustomizer@a247545e, org.springframework.boot.test.autoconfigure.web.servlet.WebDriverContextCustomizerFactory$Customizer@144ad3ca, [ImportsContextCustomizer@1c9544d6 key = [org.springframework.boot.autoconfigure.cache.CacheAutoConfiguration, org.springframework.boot.autoconfigure.context.MessageSourceAutoConfiguration, org.springframework.boot.autoconfigure.data.web.SpringDataWebAutoConfiguration, org.springframework.boot.autoconfigure.freemarker.FreeMarkerAutoConfiguration, org.springframework.boot.autoconfigure.groovy.template.GroovyTemplateAutoConfiguration, org.springframework.boot.autoconfigure.gson.GsonAutoConfiguration, org.springframework.boot.autoconfigure.hateoas.HypermediaAutoConfiguration, org.springframework.boot.autoconfigure.http.HttpMessageConvertersAutoConfiguration, org.springframework.boot.autoconfigure.jackson.JacksonAutoConfiguration, org.springframework.boot.autoconfigure.jsonb.JsonbAutoConfiguration, org.springframework.boot.autoconfigure.mustache.MustacheAutoConfiguration, org.springframework.boot.autoconfigure.task.TaskExecutionAutoConfiguration, org.springframework.boot.autoconfigure.thymeleaf.ThymeleafAutoConfiguration, org.springframework.boot.autoconfigure.validation.ValidationAutoConfiguration, org.springframework.boot.autoconfigure.web.servlet.error.ErrorMvcAutoConfiguration, org.springframework.boot.autoconfigure.web.servlet.WebMvcAutoConfiguration, org.springframework.boot.test.autoconfigure.web.servlet.MockMvcAutoConfiguration, org.springframework.boot.test.autoconfigure.web.servlet.MockMvcSecurityAutoConfiguration, org.springframework.boot.test.autoconfigure.web.servlet.MockMvcWebClientAutoConfiguration, org.springframework.boot.test.autoconfigure.web.servlet.MockMvcWebDriverAutoConfiguration]], org.springframework.boot.test.context.filter.ExcludeFilterContextCustomizer@1a58cfcf, org.springframework.boot.test.json.DuplicateJsonObjectContextCustomizerFactory$DuplicateJsonObjectContextCustomizer@2f235c7d, org.springframework.boot.test.mock.mockito.MockitoContextCustomizer@0], resourceBasePath = 'src/main/webapp', contextLoader = 'org.springframework.boot.test.context.SpringBootContextLoader', parent = [null]], attributes = map[[empty]]], class annotated with @DirtiesContext [false] with mode [null].
14:48:57.143 [Test worker] DEBUG org.springframework.test.annotation.ProfileValueUtils - Retrieved @ProfileValueSourceConfiguration [null] for test class [com.project.springboot.web.HelloControllerTest]
14:48:57.143 [Test worker] DEBUG org.springframework.test.annotation.ProfileValueUtils - Retrieved ProfileValueSource type [class org.springframework.test.annotation.SystemProfileValueSource] for class [com.project.springboot.web.HelloControllerTest]
14:48:57.149 [Test worker] DEBUG org.springframework.test.context.support.DependencyInjectionTestExecutionListener - Performing dependency injection for test context [[DefaultTestContext@303f51b8 testClass = HelloControllerTest, testInstance = com.project.springboot.web.HelloControllerTest@19894a11, testMethod = [null], testException = [null], mergedContextConfiguration = [WebMergedContextConfiguration@59b98572 testClass = HelloControllerTest, locations = '{}', classes = '{class com.project.springboot.Application}', contextInitializerClasses = '[]', activeProfiles = '{}', propertySourceLocations = '{}', propertySourceProperties = '{org.springframework.boot.test.autoconfigure.web.servlet.WebMvcTestContextBootstrapper=true}', contextCustomizers = set[org.springframework.boot.test.autoconfigure.OverrideAutoConfigurationContextCustomizerFactory$DisableAutoConfigurationContextCustomizer@1b0eedf0, org.springframework.boot.test.autoconfigure.filter.TypeExcludeFiltersContextCustomizer@e354c67b, org.springframework.boot.test.autoconfigure.properties.PropertyMappingContextCustomizer@a247545e, org.springframework.boot.test.autoconfigure.web.servlet.WebDriverContextCustomizerFactory$Customizer@144ad3ca, [ImportsContextCustomizer@1c9544d6 key = [org.springframework.boot.autoconfigure.cache.CacheAutoConfiguration, org.springframework.boot.autoconfigure.context.MessageSourceAutoConfiguration, org.springframework.boot.autoconfigure.data.web.SpringDataWebAutoConfiguration, org.springframework.boot.autoconfigure.freemarker.FreeMarkerAutoConfiguration, org.springframework.boot.autoconfigure.groovy.template.GroovyTemplateAutoConfiguration, org.springframework.boot.autoconfigure.gson.GsonAutoConfiguration, org.springframework.boot.autoconfigure.hateoas.HypermediaAutoConfiguration, org.springframework.boot.autoconfigure.http.HttpMessageConvertersAutoConfiguration, org.springframework.boot.autoconfigure.jackson.JacksonAutoConfiguration, org.springframework.boot.autoconfigure.jsonb.JsonbAutoConfiguration, org.springframework.boot.autoconfigure.mustache.MustacheAutoConfiguration, org.springframework.boot.autoconfigure.task.TaskExecutionAutoConfiguration, org.springframework.boot.autoconfigure.thymeleaf.ThymeleafAutoConfiguration, org.springframework.boot.autoconfigure.validation.ValidationAutoConfiguration, org.springframework.boot.autoconfigure.web.servlet.error.ErrorMvcAutoConfiguration, org.springframework.boot.autoconfigure.web.servlet.WebMvcAutoConfiguration, org.springframework.boot.test.autoconfigure.web.servlet.MockMvcAutoConfiguration, org.springframework.boot.test.autoconfigure.web.servlet.MockMvcSecurityAutoConfiguration, org.springframework.boot.test.autoconfigure.web.servlet.MockMvcWebClientAutoConfiguration, org.springframework.boot.test.autoconfigure.web.servlet.MockMvcWebDriverAutoConfiguration]], org.springframework.boot.test.context.filter.ExcludeFilterContextCustomizer@1a58cfcf, org.springframework.boot.test.json.DuplicateJsonObjectContextCustomizerFactory$DuplicateJsonObjectContextCustomizer@2f235c7d, org.springframework.boot.test.mock.mockito.MockitoContextCustomizer@0], resourceBasePath = 'src/main/webapp', contextLoader = 'org.springframework.boot.test.context.SpringBootContextLoader', parent = [null]], attributes = map[[empty]]]].
14:48:57.294 [Test worker] DEBUG org.springframework.test.context.support.TestPropertySourceUtils - Adding inlined properties to environment: {spring.jmx.enabled=false, org.springframework.boot.test.autoconfigure.web.servlet.WebMvcTestContextBootstrapper=true, server.port=-1}

  .   ____          _            __ _ _
 /\\ / ___'_ __ _ _(_)_ __  __ _ \ \ \ \
( ( )\___ | '_ | '_| | '_ \/ _` | \ \ \ \
 \\/  ___)| |_)| | | | | || (_| |  ) ) ) )
  '  |____| .__|_| |_|_| |_\__, | / / / /
 =========|_|==============|___/=/_/_/_/
 :: Spring Boot ::        (v2.1.7.RELEASE)

2020-05-15 14:48:57.655  INFO 14476 --- [    Test worker] c.p.springboot.web.HelloControllerTest   : Starting HelloControllerTest on DESKTOP-1AQEFFH with PID 14476 (started by admin in C:\Users\admin\IdeaProjects\springboot)
2020-05-15 14:48:57.656  INFO 14476 --- [    Test worker] c.p.springboot.web.HelloControllerTest   : The following profiles are active: oauth
2020-05-15 14:48:59.316  INFO 14476 --- [    Test worker] o.s.s.concurrent.ThreadPoolTaskExecutor  : Initializing ExecutorService 'applicationTaskExecutor'
2020-05-15 14:48:59.423  INFO 14476 --- [    Test worker] o.s.b.a.w.s.WelcomePageHandlerMapping    : Adding welcome page template: index
2020-05-15 14:48:59.812  INFO 14476 --- [    Test worker] .s.s.UserDetailsServiceAutoConfiguration : 

Using generated security password: c3efd345-0be6-46ec-8675-81ae6dc0fb02

2020-05-15 14:49:00.128  INFO 14476 --- [    Test worker] o.s.s.web.DefaultSecurityFilterChain     : Creating filter chain: any request, [org.springframework.security.web.context.request.async.WebAsyncManagerIntegrationFilter@c6946b4, org.springframework.security.web.context.SecurityContextPersistenceFilter@47c042e9, org.springframework.security.web.header.HeaderWriterFilter@830d448, org.springframework.security.web.csrf.CsrfFilter@5ea2ba61, org.springframework.security.web.authentication.logout.LogoutFilter@4d7317c4, org.springframework.security.web.authentication.UsernamePasswordAuthenticationFilter@26cb98f4, org.springframework.security.web.authentication.ui.DefaultLoginPageGeneratingFilter@6e3bf0be, org.springframework.security.web.authentication.ui.DefaultLogoutPageGeneratingFilter@1a88442c, org.springframework.security.web.authentication.www.BasicAuthenticationFilter@12ff4d28, org.springframework.security.web.savedrequest.RequestCacheAwareFilter@48ad2ad9, org.springframework.security.web.servletapi.SecurityContextHolderAwareRequestFilter@5371e2ea, org.springframework.security.web.authentication.AnonymousAuthenticationFilter@1d1f8f1e, org.springframework.security.web.session.SessionManagementFilter@36b0239b, org.springframework.security.web.access.ExceptionTranslationFilter@300cc376, org.springframework.security.web.access.intercept.FilterSecurityInterceptor@4deaf1d5]
2020-05-15 14:49:00.181  INFO 14476 --- [    Test worker] o.s.b.t.m.w.SpringBootMockServletContext : Initializing Spring TestDispatcherServlet ''
2020-05-15 14:49:00.181  INFO 14476 --- [    Test worker] o.s.t.web.servlet.TestDispatcherServlet  : Initializing Servlet ''
2020-05-15 14:49:00.198  INFO 14476 --- [    Test worker] o.s.t.web.servlet.TestDispatcherServlet  : Completed initialization in 17 ms
2020-05-15 14:49:00.258  INFO 14476 --- [    Test worker] c.p.springboot.web.HelloControllerTest   : Started HelloControllerTest in 2.955 seconds (JVM running for 4.445)
]]></system-out>
  <system-err><![CDATA[]]></system-err>
</testsuite>
