<?xml version="1.0" encoding="UTF-8"?>
<testsuite name="com.project.springboot.web.PostsApiControllerTest" tests="2" skipped="0" failures="0" errors="0" timestamp="2020-05-15T05:49:09" hostname="DESKTOP-1AQEFFH" time="0.125">
  <properties/>
  <testcase name="postsUpdateTest" classname="com.project.springboot.web.PostsApiControllerTest" time="0.104"/>
  <testcase name="postsInsertTest" classname="com.project.springboot.web.PostsApiControllerTest" time="0.02"/>
  <system-out><![CDATA[2020-05-15 14:49:09.281  INFO 14476 --- [    Test worker] .b.t.c.SpringBootTestContextBootstrapper : Neither @ContextConfiguration nor @ContextHierarchy found for test class [com.project.springboot.web.PostsApiControllerTest], using SpringBootContextLoader
2020-05-15 14:49:09.282  INFO 14476 --- [    Test worker] o.s.t.c.support.AbstractContextLoader    : Could not detect default resource locations for test class [com.project.springboot.web.PostsApiControllerTest]: no resource found for suffixes {-context.xml, Context.groovy}.
2020-05-15 14:49:09.282  INFO 14476 --- [    Test worker] t.c.s.AnnotationConfigContextLoaderUtils : Could not detect default configuration classes for test class [com.project.springboot.web.PostsApiControllerTest]: PostsApiControllerTest does not declare any static, non-private, non-final, nested classes annotated with @Configuration.
2020-05-15 14:49:09.284  INFO 14476 --- [    Test worker] .b.t.c.SpringBootTestContextBootstrapper : Found @SpringBootConfiguration com.project.springboot.Application for test class com.project.springboot.web.PostsApiControllerTest
2020-05-15 14:49:09.286  INFO 14476 --- [    Test worker] .b.t.c.SpringBootTestContextBootstrapper : Loaded default TestExecutionListener class names from location [META-INF/spring.factories]: [org.springframework.security.test.context.support.WithSecurityContextTestExecutionListener, org.springframework.security.test.context.support.ReactorContextTestExecutionListener, org.springframework.boot.test.autoconfigure.restdocs.RestDocsTestExecutionListener, org.springframework.boot.test.autoconfigure.web.client.MockRestServiceServerResetTestExecutionListener, org.springframework.boot.test.autoconfigure.web.servlet.MockMvcPrintOnlyOnFailureTestExecutionListener, org.springframework.boot.test.autoconfigure.web.servlet.WebDriverTestExecutionListener, org.springframework.boot.test.mock.mockito.MockitoTestExecutionListener, org.springframework.boot.test.mock.mockito.ResetMocksTestExecutionListener, org.springframework.test.context.web.ServletTestExecutionListener, org.springframework.test.context.support.DirtiesContextBeforeModesTestExecutionListener, org.springframework.test.context.support.DependencyInjectionTestExecutionListener, org.springframework.test.context.support.DirtiesContextTestExecutionListener, org.springframework.test.context.transaction.TransactionalTestExecutionListener, org.springframework.test.context.jdbc.SqlScriptsTestExecutionListener]
2020-05-15 14:49:09.288  INFO 14476 --- [    Test worker] .b.t.c.SpringBootTestContextBootstrapper : Using TestExecutionListeners: [org.springframework.test.context.web.ServletTestExecutionListener@663f9199, org.springframework.test.context.support.DirtiesContextBeforeModesTestExecutionListener@7f02dd5d, org.springframework.boot.test.mock.mockito.MockitoTestExecutionListener@505f5648, org.springframework.boot.test.autoconfigure.SpringBootDependencyInjectionTestExecutionListener@3c90843e, org.springframework.test.context.support.DirtiesContextTestExecutionListener@26b9696c, org.springframework.test.context.transaction.TransactionalTestExecutionListener@4fb8a0d3, org.springframework.test.context.jdbc.SqlScriptsTestExecutionListener@65ff527a, org.springframework.security.test.context.support.WithSecurityContextTestExecutionListener@5df68b8f, org.springframework.security.test.context.support.ReactorContextTestExecutionListener@30697b54, org.springframework.boot.test.autoconfigure.restdocs.RestDocsTestExecutionListener@3a5dfbb2, org.springframework.boot.test.autoconfigure.web.client.MockRestServiceServerResetTestExecutionListener@252e0201, org.springframework.boot.test.autoconfigure.web.servlet.MockMvcPrintOnlyOnFailureTestExecutionListener@4c6d4fd8, org.springframework.boot.test.autoconfigure.web.servlet.WebDriverTestExecutionListener@37a52eda, org.springframework.boot.test.mock.mockito.ResetMocksTestExecutionListener@6270c3f7]
2020-05-15 14:49:09.300  INFO 14476 --- [    Test worker] o.a.c.c.C.[Tomcat].[localhost].[/]       : Initializing Spring TestDispatcherServlet ''
2020-05-15 14:49:09.300  INFO 14476 --- [    Test worker] o.s.t.web.servlet.TestDispatcherServlet  : Initializing Servlet ''
2020-05-15 14:49:09.302  INFO 14476 --- [    Test worker] o.s.t.web.servlet.TestDispatcherServlet  : Completed initialization in 2 ms
Hibernate: insert into posts (created_date, modified_date, author, content, title) values (?, ?, ?, ?, ?)
Hibernate: select posts0_.id as id1_0_0_, posts0_.created_date as created_2_0_0_, posts0_.modified_date as modified3_0_0_, posts0_.author as author4_0_0_, posts0_.content as content5_0_0_, posts0_.title as title6_0_0_ from posts posts0_ where posts0_.id=?
Hibernate: update posts set created_date=?, modified_date=?, author=?, content=?, title=? where id=?
Hibernate: select posts0_.id as id1_0_, posts0_.created_date as created_2_0_, posts0_.modified_date as modified3_0_, posts0_.author as author4_0_, posts0_.content as content5_0_, posts0_.title as title6_0_ from posts posts0_
Hibernate: select posts0_.id as id1_0_, posts0_.created_date as created_2_0_, posts0_.modified_date as modified3_0_, posts0_.author as author4_0_, posts0_.content as content5_0_, posts0_.title as title6_0_ from posts posts0_
Hibernate: delete from posts where id=?
2020-05-15 14:49:09.401  INFO 14476 --- [    Test worker] o.a.c.c.C.[Tomcat].[localhost].[/]       : Initializing Spring TestDispatcherServlet ''
2020-05-15 14:49:09.401  INFO 14476 --- [    Test worker] o.s.t.web.servlet.TestDispatcherServlet  : Initializing Servlet ''
2020-05-15 14:49:09.405  INFO 14476 --- [    Test worker] o.s.t.web.servlet.TestDispatcherServlet  : Completed initialization in 4 ms
Hibernate: insert into posts (created_date, modified_date, author, content, title) values (?, ?, ?, ?, ?)
Hibernate: select posts0_.id as id1_0_, posts0_.created_date as created_2_0_, posts0_.modified_date as modified3_0_, posts0_.author as author4_0_, posts0_.content as content5_0_, posts0_.title as title6_0_ from posts posts0_
Hibernate: select posts0_.id as id1_0_, posts0_.created_date as created_2_0_, posts0_.modified_date as modified3_0_, posts0_.author as author4_0_, posts0_.content as content5_0_, posts0_.title as title6_0_ from posts posts0_
Hibernate: delete from posts where id=?
]]></system-out>
  <system-err><![CDATA[]]></system-err>
</testsuite>
