<?xml version="1.0" encoding="UTF-8"?>
<testsuite name="com.project.springboot.domain.posts.PostRepositoryTest" tests="2" skipped="0" failures="0" errors="0" timestamp="2020-05-18T07:20:24" hostname="DESKTOP-1AQEFFH" time="0.311">
  <properties/>
  <testcase name="baseTimeEntityTest" classname="com.project.springboot.domain.posts.PostRepositoryTest" time="0.291"/>
  <testcase name="postsRepoTest" classname="com.project.springboot.domain.posts.PostRepositoryTest" time="0.019"/>
  <system-out><![CDATA[16:20:16.766 [Test worker] DEBUG org.springframework.test.context.junit4.SpringJUnit4ClassRunner - SpringJUnit4ClassRunner constructor called with [class com.project.springboot.domain.posts.PostRepositoryTest]
16:20:16.776 [Test worker] DEBUG org.springframework.test.context.BootstrapUtils - Instantiating CacheAwareContextLoaderDelegate from class [org.springframework.test.context.cache.DefaultCacheAwareContextLoaderDelegate]
16:20:16.787 [Test worker] DEBUG org.springframework.test.context.BootstrapUtils - Instantiating BootstrapContext using constructor [public org.springframework.test.context.support.DefaultBootstrapContext(java.lang.Class,org.springframework.test.context.CacheAwareContextLoaderDelegate)]
16:20:16.817 [Test worker] DEBUG org.springframework.test.context.BootstrapUtils - Instantiating TestContextBootstrapper for test class [com.project.springboot.domain.posts.PostRepositoryTest] from class [org.springframework.boot.test.context.SpringBootTestContextBootstrapper]
16:20:16.834 [Test worker] INFO org.springframework.boot.test.context.SpringBootTestContextBootstrapper - Neither @ContextConfiguration nor @ContextHierarchy found for test class [com.project.springboot.domain.posts.PostRepositoryTest], using SpringBootContextLoader
16:20:16.838 [Test worker] DEBUG org.springframework.test.context.support.AbstractContextLoader - Did not detect default resource location for test class [com.project.springboot.domain.posts.PostRepositoryTest]: class path resource [com/project/springboot/domain/posts/PostRepositoryTest-context.xml] does not exist
16:20:16.838 [Test worker] DEBUG org.springframework.test.context.support.AbstractContextLoader - Did not detect default resource location for test class [com.project.springboot.domain.posts.PostRepositoryTest]: class path resource [com/project/springboot/domain/posts/PostRepositoryTestContext.groovy] does not exist
16:20:16.838 [Test worker] INFO org.springframework.test.context.support.AbstractContextLoader - Could not detect default resource locations for test class [com.project.springboot.domain.posts.PostRepositoryTest]: no resource found for suffixes {-context.xml, Context.groovy}.
16:20:16.839 [Test worker] INFO org.springframework.test.context.support.AnnotationConfigContextLoaderUtils - Could not detect default configuration classes for test class [com.project.springboot.domain.posts.PostRepositoryTest]: PostRepositoryTest does not declare any static, non-private, non-final, nested classes annotated with @Configuration.
16:20:16.890 [Test worker] DEBUG org.springframework.test.context.support.ActiveProfilesUtils - Could not find an 'annotation declaring class' for annotation type [org.springframework.test.context.ActiveProfiles] and class [com.project.springboot.domain.posts.PostRepositoryTest]
16:20:16.976 [Test worker] DEBUG org.springframework.context.annotation.ClassPathScanningCandidateComponentProvider - Identified candidate component class: file [C:\Users\admin\IdeaProjects\springboot\build\classes\java\main\com\project\springboot\Application.class]
16:20:16.977 [Test worker] INFO org.springframework.boot.test.context.SpringBootTestContextBootstrapper - Found @SpringBootConfiguration com.project.springboot.Application for test class com.project.springboot.domain.posts.PostRepositoryTest
16:20:17.093 [Test worker] DEBUG org.springframework.boot.test.context.SpringBootTestContextBootstrapper - @TestExecutionListeners is not present for class [com.project.springboot.domain.posts.PostRepositoryTest]: using defaults.
16:20:17.093 [Test worker] INFO org.springframework.boot.test.context.SpringBootTestContextBootstrapper - Loaded default TestExecutionListener class names from location [META-INF/spring.factories]: [org.springframework.security.test.context.support.WithSecurityContextTestExecutionListener, org.springframework.security.test.context.support.ReactorContextTestExecutionListener, org.springframework.boot.test.autoconfigure.restdocs.RestDocsTestExecutionListener, org.springframework.boot.test.autoconfigure.web.client.MockRestServiceServerResetTestExecutionListener, org.springframework.boot.test.autoconfigure.web.servlet.MockMvcPrintOnlyOnFailureTestExecutionListener, org.springframework.boot.test.autoconfigure.web.servlet.WebDriverTestExecutionListener, org.springframework.boot.test.mock.mockito.MockitoTestExecutionListener, org.springframework.boot.test.mock.mockito.ResetMocksTestExecutionListener, org.springframework.test.context.web.ServletTestExecutionListener, org.springframework.test.context.support.DirtiesContextBeforeModesTestExecutionListener, org.springframework.test.context.support.DependencyInjectionTestExecutionListener, org.springframework.test.context.support.DirtiesContextTestExecutionListener, org.springframework.test.context.transaction.TransactionalTestExecutionListener, org.springframework.test.context.jdbc.SqlScriptsTestExecutionListener]
16:20:17.120 [Test worker] INFO org.springframework.boot.test.context.SpringBootTestContextBootstrapper - Using TestExecutionListeners: [org.springframework.test.context.web.ServletTestExecutionListener@3aac0c18, org.springframework.test.context.support.DirtiesContextBeforeModesTestExecutionListener@33f97ef5, org.springframework.boot.test.mock.mockito.MockitoTestExecutionListener@5b500a74, org.springframework.boot.test.autoconfigure.SpringBootDependencyInjectionTestExecutionListener@2c5a58ef, org.springframework.test.context.support.DirtiesContextTestExecutionListener@76cc5db0, org.springframework.test.context.transaction.TransactionalTestExecutionListener@e3a8b4a, org.springframework.test.context.jdbc.SqlScriptsTestExecutionListener@55623353, org.springframework.security.test.context.support.WithSecurityContextTestExecutionListener@2b019430, org.springframework.security.test.context.support.ReactorContextTestExecutionListener@3f346d3d, org.springframework.boot.test.autoconfigure.restdocs.RestDocsTestExecutionListener@650ed14a, org.springframework.boot.test.autoconfigure.web.client.MockRestServiceServerResetTestExecutionListener@21328e13, org.springframework.boot.test.autoconfigure.web.servlet.MockMvcPrintOnlyOnFailureTestExecutionListener@6b52e11, org.springframework.boot.test.autoconfigure.web.servlet.WebDriverTestExecutionListener@1a74e67f, org.springframework.boot.test.mock.mockito.ResetMocksTestExecutionListener@9e3e0fa]
16:20:17.125 [Test worker] DEBUG org.springframework.test.annotation.ProfileValueUtils - Retrieved @ProfileValueSourceConfiguration [null] for test class [com.project.springboot.domain.posts.PostRepositoryTest]
16:20:17.125 [Test worker] DEBUG org.springframework.test.annotation.ProfileValueUtils - Retrieved ProfileValueSource type [class org.springframework.test.annotation.SystemProfileValueSource] for class [com.project.springboot.domain.posts.PostRepositoryTest]
16:20:17.128 [Test worker] DEBUG org.springframework.test.annotation.ProfileValueUtils - Retrieved @ProfileValueSourceConfiguration [null] for test class [com.project.springboot.domain.posts.PostRepositoryTest]
16:20:17.128 [Test worker] DEBUG org.springframework.test.annotation.ProfileValueUtils - Retrieved ProfileValueSource type [class org.springframework.test.annotation.SystemProfileValueSource] for class [com.project.springboot.domain.posts.PostRepositoryTest]
16:20:17.129 [Test worker] DEBUG org.springframework.test.annotation.ProfileValueUtils - Retrieved @ProfileValueSourceConfiguration [null] for test class [com.project.springboot.domain.posts.PostRepositoryTest]
16:20:17.129 [Test worker] DEBUG org.springframework.test.annotation.ProfileValueUtils - Retrieved ProfileValueSource type [class org.springframework.test.annotation.SystemProfileValueSource] for class [com.project.springboot.domain.posts.PostRepositoryTest]
16:20:17.135 [Test worker] DEBUG org.springframework.test.context.support.AbstractDirtiesContextTestExecutionListener - Before test class: context [DefaultTestContext@72020a71 testClass = PostRepositoryTest, testInstance = [null], testMethod = [null], testException = [null], mergedContextConfiguration = [WebMergedContextConfiguration@2cb3b583 testClass = PostRepositoryTest, locations = '{}', classes = '{class com.project.springboot.Application}', contextInitializerClasses = '[]', activeProfiles = '{}', propertySourceLocations = '{}', propertySourceProperties = '{org.springframework.boot.test.context.SpringBootTestContextBootstrapper=true}', contextCustomizers = set[org.springframework.boot.test.autoconfigure.properties.PropertyMappingContextCustomizer@0, org.springframework.boot.test.autoconfigure.web.servlet.WebDriverContextCustomizerFactory$Customizer@1a71c3d2, org.springframework.boot.test.context.filter.ExcludeFilterContextCustomizer@633d060f, org.springframework.boot.test.json.DuplicateJsonObjectContextCustomizerFactory$DuplicateJsonObjectContextCustomizer@3aef6f6e, org.springframework.boot.test.mock.mockito.MockitoContextCustomizer@0, org.springframework.boot.test.web.client.TestRestTemplateContextCustomizer@ed53fe9], resourceBasePath = 'src/main/webapp', contextLoader = 'org.springframework.boot.test.context.SpringBootContextLoader', parent = [null]], attributes = map['org.springframework.test.context.web.ServletTestExecutionListener.activateListener' -> true]], class annotated with @DirtiesContext [false] with mode [null].
16:20:17.135 [Test worker] DEBUG org.springframework.test.annotation.ProfileValueUtils - Retrieved @ProfileValueSourceConfiguration [null] for test class [com.project.springboot.domain.posts.PostRepositoryTest]
16:20:17.136 [Test worker] DEBUG org.springframework.test.annotation.ProfileValueUtils - Retrieved ProfileValueSource type [class org.springframework.test.annotation.SystemProfileValueSource] for class [com.project.springboot.domain.posts.PostRepositoryTest]
16:20:17.160 [Test worker] DEBUG org.springframework.test.context.support.TestPropertySourceUtils - Adding inlined properties to environment: {spring.jmx.enabled=false, org.springframework.boot.test.context.SpringBootTestContextBootstrapper=true, server.port=-1}

  .   ____          _            __ _ _
 /\\ / ___'_ __ _ _(_)_ __  __ _ \ \ \ \
( ( )\___ | '_ | '_| | '_ \/ _` | \ \ \ \
 \\/  ___)| |_)| | | | | || (_| |  ) ) ) )
  '  |____| .__|_| |_|_| |_\__, | / / / /
 =========|_|==============|___/=/_/_/_/
 :: Spring Boot ::        (v2.1.7.RELEASE)

2020-05-18 16:20:17.485  INFO 7072 --- [    Test worker] c.p.s.domain.posts.PostRepositoryTest    : Starting PostRepositoryTest on DESKTOP-1AQEFFH with PID 7072 (started by admin in C:\Users\admin\IdeaProjects\springboot)
2020-05-18 16:20:17.486  INFO 7072 --- [    Test worker] c.p.s.domain.posts.PostRepositoryTest    : The following profiles are active: oauth
2020-05-18 16:20:18.592  INFO 7072 --- [    Test worker] .s.d.r.c.RepositoryConfigurationDelegate : Bootstrapping Spring Data repositories in DEFAULT mode.
2020-05-18 16:20:18.696  INFO 7072 --- [    Test worker] .s.d.r.c.RepositoryConfigurationDelegate : Finished Spring Data repository scanning in 95ms. Found 2 repository interfaces.
2020-05-18 16:20:19.345  INFO 7072 --- [    Test worker] trationDelegate$BeanPostProcessorChecker : Bean 'org.springframework.transaction.annotation.ProxyTransactionManagementConfiguration' of type [org.springframework.transaction.annotation.ProxyTransactionManagementConfiguration$$EnhancerBySpringCGLIB$$df1072f2] is not eligible for getting processed by all BeanPostProcessors (for example: not eligible for auto-proxying)
2020-05-18 16:20:19.582  INFO 7072 --- [    Test worker] com.zaxxer.hikari.HikariDataSource       : HikariPool-1 - Starting...
2020-05-18 16:20:19.830  INFO 7072 --- [    Test worker] com.zaxxer.hikari.HikariDataSource       : HikariPool-1 - Start completed.
2020-05-18 16:20:19.937  INFO 7072 --- [    Test worker] o.hibernate.jpa.internal.util.LogHelper  : HHH000204: Processing PersistenceUnitInfo [
	name: default
	...]
2020-05-18 16:20:20.029  INFO 7072 --- [    Test worker] org.hibernate.Version                    : HHH000412: Hibernate Core {5.3.10.Final}
2020-05-18 16:20:20.031  INFO 7072 --- [    Test worker] org.hibernate.cfg.Environment            : HHH000206: hibernate.properties not found
2020-05-18 16:20:20.242  INFO 7072 --- [    Test worker] o.hibernate.annotations.common.Version   : HCANN000001: Hibernate Commons Annotations {5.0.4.Final}
2020-05-18 16:20:20.451  INFO 7072 --- [    Test worker] org.hibernate.dialect.Dialect            : HHH000400: Using dialect: org.hibernate.dialect.MySQL5InnoDBDialect
Hibernate: drop table if exists posts
Hibernate: drop table if exists user
Hibernate: create table posts (id bigint not null auto_increment, created_date datetime, modified_date datetime, author varchar(255), content TEXT not null, title varchar(500) not null, primary key (id)) engine=InnoDB
Hibernate: create table user (id bigint not null auto_increment, email varchar(255) not null, name varchar(255) not null, picture varchar(255), role varchar(255), primary key (id)) engine=InnoDB
2020-05-18 16:20:21.300  INFO 7072 --- [    Test worker] o.h.t.schema.internal.SchemaCreatorImpl  : HHH000476: Executing import script 'org.hibernate.tool.schema.internal.exec.ScriptSourceInputNonExistentImpl@31113f6b'
2020-05-18 16:20:21.305  INFO 7072 --- [    Test worker] j.LocalContainerEntityManagerFactoryBean : Initialized JPA EntityManagerFactory for persistence unit 'default'
2020-05-18 16:20:22.063  INFO 7072 --- [    Test worker] o.h.h.i.QueryTranslatorFactoryInitiator  : HHH000397: Using ASTQueryTranslatorFactory
2020-05-18 16:20:22.703  INFO 7072 --- [    Test worker] o.s.s.web.DefaultSecurityFilterChain     : Creating filter chain: any request, [org.springframework.security.web.context.request.async.WebAsyncManagerIntegrationFilter@4aa83dbb, org.springframework.security.web.context.SecurityContextPersistenceFilter@71a9be35, org.springframework.security.web.header.HeaderWriterFilter@303d3da5, org.springframework.security.web.authentication.logout.LogoutFilter@2bc7e054, org.springframework.security.oauth2.client.web.OAuth2AuthorizationRequestRedirectFilter@539fb1bf, org.springframework.security.oauth2.client.web.OAuth2LoginAuthenticationFilter@5a1b7d87, org.springframework.security.web.authentication.ui.DefaultLoginPageGeneratingFilter@724fdd93, org.springframework.security.web.authentication.ui.DefaultLogoutPageGeneratingFilter@7994c315, org.springframework.security.web.savedrequest.RequestCacheAwareFilter@e7a2446, org.springframework.security.web.servletapi.SecurityContextHolderAwareRequestFilter@4fa9d557, org.springframework.security.web.authentication.AnonymousAuthenticationFilter@59e739d4, org.springframework.security.web.session.SessionManagementFilter@3907c9ff, org.springframework.security.web.access.ExceptionTranslationFilter@6a5f03a3, org.springframework.security.web.access.intercept.FilterSecurityInterceptor@2727493e]
2020-05-18 16:20:23.584  INFO 7072 --- [    Test worker] o.s.s.concurrent.ThreadPoolTaskExecutor  : Initializing ExecutorService 'applicationTaskExecutor'
2020-05-18 16:20:23.655  WARN 7072 --- [    Test worker] aWebConfiguration$JpaWebMvcConfiguration : spring.jpa.open-in-view is enabled by default. Therefore, database queries may be performed during view rendering. Explicitly configure spring.jpa.open-in-view to disable this warning
2020-05-18 16:20:23.719  INFO 7072 --- [    Test worker] o.s.b.a.w.s.WelcomePageHandlerMapping    : Adding welcome page template: index
2020-05-18 16:20:24.364  INFO 7072 --- [    Test worker] s.a.ScheduledAnnotationBeanPostProcessor : No TaskScheduler/ScheduledExecutorService bean found for scheduled processing
2020-05-18 16:20:24.375  INFO 7072 --- [    Test worker] c.p.s.domain.posts.PostRepositoryTest    : Started PostRepositoryTest in 7.201 seconds (JVM running for 8.457)
Hibernate: insert into posts (created_date, modified_date, author, content, title) values (?, ?, ?, ?, ?)
Hibernate: select posts0_.id as id1_0_, posts0_.created_date as created_2_0_, posts0_.modified_date as modified3_0_, posts0_.author as author4_0_, posts0_.content as content5_0_, posts0_.title as title6_0_ from posts posts0_
>>>>>> createDate = 2020-05-18T16:20:24.521, modifiedDate = 2020-05-18T16:20:24.521
Hibernate: select posts0_.id as id1_0_, posts0_.created_date as created_2_0_, posts0_.modified_date as modified3_0_, posts0_.author as author4_0_, posts0_.content as content5_0_, posts0_.title as title6_0_ from posts posts0_
Hibernate: delete from posts where id=?
Hibernate: insert into posts (created_date, modified_date, author, content, title) values (?, ?, ?, ?, ?)
Hibernate: select posts0_.id as id1_0_, posts0_.created_date as created_2_0_, posts0_.modified_date as modified3_0_, posts0_.author as author4_0_, posts0_.content as content5_0_, posts0_.title as title6_0_ from posts posts0_
Hibernate: select posts0_.id as id1_0_, posts0_.created_date as created_2_0_, posts0_.modified_date as modified3_0_, posts0_.author as author4_0_, posts0_.content as content5_0_, posts0_.title as title6_0_ from posts posts0_
Hibernate: delete from posts where id=?
]]></system-out>
  <system-err><![CDATA[]]></system-err>
</testsuite>
